0 info it worked if it ends with ok
1 verbose cli [ 'C:\\Program Files\\nodejs\\node.exe',
1 verbose cli   'C:\\Users\\Conner\\AppData\\Roaming\\npm\\node_modules\\npm\\bin\\npm-cli.js',
1 verbose cli   'install',
1 verbose cli   '-g',
1 verbose cli   'aws-cli' ]
2 info using npm@3.5.3
3 info using node@v4.1.2
4 silly loadCurrentTree Starting
5 silly install loadCurrentTree
6 silly install readGlobalPackageData
7 silly fetchPackageMetaData aws-cli
8 silly fetchNamedPackageData aws-cli
9 silly mapToRegistry name aws-cli
10 silly mapToRegistry using default registry
11 silly mapToRegistry registry https://registry.npmjs.org/
12 silly mapToRegistry uri https://registry.npmjs.org/aws-cli
13 verbose request uri https://registry.npmjs.org/aws-cli
14 verbose request no auth needed
15 info attempt registry request try #1 at 8:15:45 PM
16 verbose request id 6a87a5f273acb7dd
17 http request GET https://registry.npmjs.org/aws-cli
18 http 200 https://registry.npmjs.org/aws-cli
19 verbose headers { server: 'CouchDB/1.5.0 (Erlang OTP/R16B03)',
19 verbose headers   etag: '"4J0HUCVIR0ESKECMFSAS7US5P"',
19 verbose headers   'content-type': 'application/json',
19 verbose headers   'cache-control': 'max-age=300',
19 verbose headers   'content-length': '2752',
19 verbose headers   'accept-ranges': 'bytes',
19 verbose headers   date: 'Sun, 14 Feb 2016 02:15:43 GMT',
19 verbose headers   via: '1.1 varnish',
19 verbose headers   age: '0',
19 verbose headers   connection: 'keep-alive',
19 verbose headers   'x-served-by': 'cache-dfw1828-DFW',
19 verbose headers   'x-cache': 'MISS',
19 verbose headers   'x-cache-hits': '0',
19 verbose headers   'x-timer': 'S1455416142.794134,VS0,VE271',
19 verbose headers   vary: 'Accept' }
20 silly get cb [ 200,
20 silly get   { server: 'CouchDB/1.5.0 (Erlang OTP/R16B03)',
20 silly get     etag: '"4J0HUCVIR0ESKECMFSAS7US5P"',
20 silly get     'content-type': 'application/json',
20 silly get     'cache-control': 'max-age=300',
20 silly get     'content-length': '2752',
20 silly get     'accept-ranges': 'bytes',
20 silly get     date: 'Sun, 14 Feb 2016 02:15:43 GMT',
20 silly get     via: '1.1 varnish',
20 silly get     age: '0',
20 silly get     connection: 'keep-alive',
20 silly get     'x-served-by': 'cache-dfw1828-DFW',
20 silly get     'x-cache': 'MISS',
20 silly get     'x-cache-hits': '0',
20 silly get     'x-timer': 'S1455416142.794134,VS0,VE271',
20 silly get     vary: 'Accept' } ]
21 verbose get saving aws-cli to C:\Users\Conner\AppData\Roaming\npm-cache\registry.npmjs.org\aws-cli\.cache.json
22 silly install normalizeTree
23 silly loadCurrentTree Finishing
24 silly loadIdealTree Starting
25 silly install loadIdealTree
26 silly cloneCurrentTree Starting
27 silly install cloneCurrentTreeToIdealTree
28 silly cloneCurrentTree Finishing
29 silly loadShrinkwrap Starting
30 silly install loadShrinkwrap
31 silly loadShrinkwrap Finishing
32 silly loadAllDepsIntoIdealTree Starting
33 silly install loadAllDepsIntoIdealTree
34 silly resolveWithNewModule aws-cli@0.0.1 checking installable status
35 silly cache add args [ 'aws-cli', null ]
36 verbose cache add spec aws-cli
37 silly cache add parsed spec Result {
37 silly cache add   raw: 'aws-cli',
37 silly cache add   scope: null,
37 silly cache add   name: 'aws-cli',
37 silly cache add   rawSpec: '',
37 silly cache add   spec: 'latest',
37 silly cache add   type: 'tag' }
38 silly addNamed aws-cli@latest
39 verbose addNamed "latest" is being treated as a dist-tag for aws-cli
40 info addNameTag [ 'aws-cli', 'latest' ]
41 silly mapToRegistry name aws-cli
42 silly mapToRegistry using default registry
43 silly mapToRegistry registry https://registry.npmjs.org/
44 silly mapToRegistry uri https://registry.npmjs.org/aws-cli
45 verbose addNameTag registry:https://registry.npmjs.org/aws-cli not in flight; fetching
46 verbose get https://registry.npmjs.org/aws-cli not expired, no request
47 silly addNameTag next cb for aws-cli with tag latest
48 silly addNamed aws-cli@0.0.1
49 verbose addNamed "0.0.1" is a plain semver version for aws-cli
50 silly mapToRegistry name aws-cli
51 silly mapToRegistry using default registry
52 silly mapToRegistry registry https://registry.npmjs.org/
53 silly mapToRegistry uri https://registry.npmjs.org/aws-cli
54 verbose addRemoteTarball https://registry.npmjs.org/aws-cli/-/aws-cli-0.0.1.tgz not in flight; adding
55 verbose addRemoteTarball [ 'https://registry.npmjs.org/aws-cli/-/aws-cli-0.0.1.tgz',
55 verbose addRemoteTarball   'a11426f4a3cd33ae2b3b040904d3949c85a318e1' ]
56 info retry fetch attempt 1 at 8:15:47 PM
57 info attempt registry request try #1 at 8:15:47 PM
58 http fetch GET https://registry.npmjs.org/aws-cli/-/aws-cli-0.0.1.tgz
59 http fetch 200 https://registry.npmjs.org/aws-cli/-/aws-cli-0.0.1.tgz
60 silly fetchAndShaCheck shasum a11426f4a3cd33ae2b3b040904d3949c85a318e1
61 verbose addTmpTarball C:\Users\Conner\AppData\Local\Temp\npm-2824-2fb37a72\registry.npmjs.org\aws-cli\-\aws-cli-0.0.1.tgz not in flight; adding
62 verbose addTmpTarball already have metadata; skipping unpack for aws-cli@0.0.1
63 silly cache afterAdd aws-cli@0.0.1
64 verbose afterAdd C:\Users\Conner\AppData\Roaming\npm-cache\aws-cli\0.0.1\package\package.json not in flight; writing
65 verbose afterAdd C:\Users\Conner\AppData\Roaming\npm-cache\aws-cli\0.0.1\package\package.json written
66 silly fetchNamedPackageData operetta
67 silly mapToRegistry name operetta
68 silly mapToRegistry using default registry
69 silly mapToRegistry registry https://registry.npmjs.org/
70 silly mapToRegistry uri https://registry.npmjs.org/operetta
71 silly fetchNamedPackageData aws-sdk
72 silly mapToRegistry name aws-sdk
73 silly mapToRegistry using default registry
74 silly mapToRegistry registry https://registry.npmjs.org/
75 silly mapToRegistry uri https://registry.npmjs.org/aws-sdk
76 verbose request uri https://registry.npmjs.org/operetta
77 verbose request no auth needed
78 info attempt registry request try #1 at 8:15:48 PM
79 http request GET https://registry.npmjs.org/operetta
80 verbose request uri https://registry.npmjs.org/aws-sdk
81 verbose request no auth needed
82 info attempt registry request try #1 at 8:15:48 PM
83 http request GET https://registry.npmjs.org/aws-sdk
84 verbose stack Error: read ECONNRESET
84 verbose stack     at exports._errnoException (util.js:849:11)
84 verbose stack     at TLSWrap.onread (net.js:544:26)
85 verbose cwd C:\Users\Conner\file-collector
86 error Windows_NT 6.1.7601
87 error argv "C:\\Program Files\\nodejs\\node.exe" "C:\\Users\\Conner\\AppData\\Roaming\\npm\\node_modules\\npm\\bin\\npm-cli.js" "install" "-g" "aws-cli"
88 error node v4.1.2
89 error npm  v3.5.3
90 error code ECONNRESET
91 error errno ECONNRESET
92 error syscall read
93 error network read ECONNRESET
94 error network This is most likely not a problem with npm itself
94 error network and is related to network connectivity.
94 error network In most cases you are behind a proxy or have bad network settings.
94 error network
94 error network If you are behind a proxy, please make sure that the
94 error network 'proxy' config is set properly.  See: 'npm help config'
95 verbose exit [ 1, true ]
